<?xml version="1.0" encoding="UTF-8"?>
<!-- Generated by org.testng.reporters.JUnitReportReporter -->
<testsuite hostname="DESKTOP-RFF6U82" failures="0" tests="6" name="TestPlan" time="45.297" errors="0" timestamp="2023-02-06T23:35:40 CET" skipped="0">
  <testcase classname="TestPlan" name="findLink" time="3.178"/>
  <system-out/>
  <testcase classname="TestPlan" name="checkPage" time="1.696"/>
  <system-out/>
  <testcase classname="TestPlan" name="logIn" time="7.685"/>
  <system-out/>
  <testcase classname="TestPlan" name="searchArticle" time="1.334"/>
  <system-out/>
  <testcase classname="TestPlan" name="putInBasket" time="15.417"/>
  <system-out/>
  <testcase classname="TestPlan" name="putOutOfBasket" time="15.987"/>
  <system-out/>
</testsuite> <!-- TestPlan -->
